C51 COMPILER V9.60.0.0   MAIN                                                              04/02/2022 17:07:38 PAGE 1   


C51 COMPILER V9.60.0.0, COMPILATION OF MODULE MAIN
OBJECT MODULE PLACED IN .\Objects\main.obj
COMPILER INVOKED BY: F:\EE337\C51\BIN\C51.EXE main.c OPTIMIZE(8,SPEED) BROWSE DEBUG OBJECTEXTEND PRINT(.\Listings\main.l
                    -st) TABS(2) OBJECT(.\Objects\main.obj)

line level    source

   1          #include <at89c5131.h>
   2          #include "endsem.h"
   3          
   4          char S_str[6]= {0,0,0,0,0,0};   //String for Balance Sita
   5          char G_str[6] = {0,0,0,0,0,0};  //String for Balance Gita
   6          char n500_s[3]= {0,0,0};    // STRING FOR 500RS NOTE
   7          char n100_s[3]= {0,0,0};    // STRING FOR 100RS NOTE
   8          
   9          char password[5] = {0,0,0,0,0} ;   //PASSWORD ARRAY
  10          //Main function
  11          
  12          //-------------------------------------------------
  13          void main(void)
  14          {
  15   1        unsigned char ch=0;
  16   1        
  17   1        uart_init();            // Please finish this function in endsem.h
  18   1      
  19   1        
  20   1        transmit_string("Press A for Account display and W for withdrawing cash\r\n");
  21   1        
  22   1          while (1)
  23   1          {
  24   2            ch = receive_char();
  25   2                                                      /* code */
  26   2          switch(ch)
  27   2          {
  28   3            case 'A':transmit_string("Hello, Please enter Account Number\r\n");
  29   3                       break; 
  30   3            case 'a':transmit_string("Hello, Please enter Account Number\r\n");
  31   3                       break;
  32   3            default:transmit_string("No such account, please enter valid details\r\n");
  33   3                       break;
  34   3          
  35   3            
  36   3            case '1':transmit_string("Account Holder: Sita\r\n");
  37   3                     transmit_string("Account Balance: 10000\r\n");
  38   3                       break;                                             
  39   3            case '2':transmit_string("Account Holder: Gita\r\n");
  40   3                     transmit_string("Account Balance: 10000\r\n");
  41   3                       break;
  42   3            
  43   3        
  44   3            case 'W':transmit_string("Withdraw state, enter account number\r\n");
  45   3                       break; 
  46   3            case 'w':transmit_string("Withdraw state, enter account number\r\n");
  47   3                       break;
  48   3            
  49   3                    
  50   3          
  51   3             case '3':transmit_string("Enter Amount, in hundreds\r\n");
  52   3              break;
  53   3                      
  54   3                      
C51 COMPILER V9.60.0.0   MAIN                                                              04/02/2022 17:07:38 PAGE 2   

  55   3            
  56   3                       
  57   3               case '4':transmit_string("Enter Amount, in hundreds\r\n");
  58   3              break;
  59   3                      
  60   3                                        
  61   3                      transmit_string("Remaining balance: \r\n");
  62   3                      transmit_string("500 Notes:   100 Notes: \r\n") ;             
  63   3                            
  64   3          }
  65   2          }
  66   1      }
  67          
  68          
*** WARNING C294 IN LINE 61 OF main.c: unreachable code


MODULE INFORMATION:   STATIC OVERLAYABLE
   CODE SIZE        =    460    ----
   CONSTANT SIZE    =    327    ----
   XDATA SIZE       =   ----    ----
   PDATA SIZE       =   ----    ----
   DATA SIZE        =     23      13
   IDATA SIZE       =   ----    ----
   BIT SIZE         =      2    ----
END OF MODULE INFORMATION.


C51 COMPILATION COMPLETE.  1 WARNING(S),  0 ERROR(S)
